# JRE version: OpenJDK Runtime Environment (17.0.6+10) (build 17.0.6+10-Ubuntu-0ubuntu122.04)
# Java VM: OpenJDK 64-Bit Server VM (17.0.6+10-Ubuntu-0ubuntu122.04, mixed mode, sharing, tiered, compressed oops, compressed class ptrs, g1 gc, linux-amd64)
GC Precious Log:
 CPUs: 4 total, 4 available
 Memory: 7811M
 Large Page Support: Disabled
 NUMA Support: Disabled
 Compressed Oops: Enabled (32-bit)
 Heap Region Size: 1M
 Heap Min Capacity: 8M
 Heap Initial Capacity: 124M
 Heap Max Capacity: 1954M
 Pre-touch: Disabled
 Parallel Workers: 4
 Concurrent Workers: 1
 Concurrent Refinement Workers: 4
 Periodic GC: Disabled
Heap:
 garbage-first heap   total 75776K, used 49337K [0x0000000085e00000, 0x0000000100000000)
  region size 1024K, 31 young (31744K), 1 survivors (1024K)
 Metaspace       used 41766K, committed 42240K, reserved 1089536K
  class space    used 5285K, committed 5504K, reserved 1048576K
GC Heap History (18 events):
Event: 0.388 GC heap before
{Heap before GC invocations=0 (full 0):
 garbage-first heap   total 129024K, used 14312K [0x0000000085e00000, 0x0000000100000000)
  region size 1024K, 13 young (13312K), 0 survivors (0K)
 Metaspace       used 4208K, committed 4352K, reserved 1056768K
  class space    used 473K, committed 576K, reserved 1048576K
}
Event: 0.397 GC heap after
{Heap after GC invocations=1 (full 0):
 garbage-first heap   total 129024K, used 4832K [0x0000000085e00000, 0x0000000100000000)
  region size 1024K, 2 young (2048K), 2 survivors (2048K)
 Metaspace       used 4208K, committed 4352K, reserved 1056768K
  class space    used 473K, committed 576K, reserved 1048576K
}
Event: 0.774 GC heap before
{Heap before GC invocations=1 (full 0):
 garbage-first heap   total 129024K, used 21216K [0x0000000085e00000, 0x0000000100000000)
  region size 1024K, 18 young (18432K), 2 survivors (2048K)
 Metaspace       used 8307K, committed 8512K, reserved 1056768K
  class space    used 1033K, committed 1152K, reserved 1048576K
}
Event: 0.779 GC heap after
{Heap after GC invocations=2 (full 0):
 garbage-first heap   total 129024K, used 6136K [0x0000000085e00000, 0x0000000100000000)
  region size 1024K, 2 young (2048K), 2 survivors (2048K)
 Metaspace       used 8307K, committed 8512K, reserved 1056768K
  class space    used 1033K, committed 1152K, reserved 1048576K
}
Event: 1.806 GC heap before
{Heap before GC invocations=2 (full 0):
 garbage-first heap   total 129024K, used 66552K [0x0000000085e00000, 0x0000000100000000)
  region size 1024K, 63 young (64512K), 2 survivors (2048K)
 Metaspace       used 21165K, committed 21504K, reserved 1073152K
  class space    used 2637K, committed 2816K, reserved 1048576K
}
Event: 1.817 GC heap after
{Heap after GC invocations=3 (full 0):
 garbage-first heap   total 129024K, used 10758K [0x0000000085e00000, 0x0000000100000000)
  region size 1024K, 6 young (6144K), 6 survivors (6144K)
 Metaspace       used 21165K, committed 21504K, reserved 1073152K
  class space    used 2637K, committed 2816K, reserved 1048576K
}
Event: 2.141 GC heap before
{Heap before GC invocations=4 (full 0):
 garbage-first heap   total 45056K, used 31238K [0x0000000085e00000, 0x0000000100000000)
  region size 1024K, 26 young (26624K), 6 survivors (6144K)
 Metaspace       used 25501K, committed 25920K, reserved 1073152K
  class space    used 3221K, committed 3392K, reserved 1048576K
}
Event: 2.149 GC heap after
{Heap after GC invocations=5 (full 0):
 garbage-first heap   total 45056K, used 13395K [0x0000000085e00000, 0x0000000100000000)
  region size 1024K, 3 young (3072K), 3 survivors (3072K)
 Metaspace       used 25501K, committed 25920K, reserved 1073152K
  class space    used 3221K, committed 3392K, reserved 1048576K
}
Event: 2.164 GC heap before
{Heap before GC invocations=5 (full 0):
 garbage-first heap   total 45056K, used 13395K [0x0000000085e00000, 0x0000000100000000)
  region size 1024K, 4 young (4096K), 3 survivors (3072K)
 Metaspace       used 25750K, committed 26176K, reserved 1073152K
  class space    used 3262K, committed 3456K, reserved 1048576K
}
Event: 2.167 GC heap after
{Heap after GC invocations=6 (full 0):
 garbage-first heap   total 45056K, used 13433K [0x0000000085e00000, 0x0000000100000000)
  region size 1024K, 1 young (1024K), 1 survivors (1024K)
 Metaspace       used 25750K, committed 26176K, reserved 1073152K
  class space    used 3262K, committed 3456K, reserved 1048576K
}
Event: 2.454 GC heap before
{Heap before GC invocations=6 (full 0):
 garbage-first heap   total 45056K, used 28793K [0x0000000085e00000, 0x0000000100000000)
  region size 1024K, 17 young (17408K), 1 survivors (1024K)
 Metaspace       used 31840K, committed 32320K, reserved 1081344K
  class space    used 4000K, committed 4224K, reserved 1048576K
}
Event: 2.459 GC heap after
{Heap after GC invocations=7 (full 0):
 garbage-first heap   total 76800K, used 16360K [0x0000000085e00000, 0x0000000100000000)
  region size 1024K, 3 young (3072K), 3 survivors (3072K)
 Metaspace       used 31840K, committed 32320K, reserved 1081344K
  class space    used 4000K, committed 4224K, reserved 1048576K
}
Event: 2.789 GC heap before
{Heap before GC invocations=7 (full 0):
 garbage-first heap   total 76800K, used 38888K [0x0000000085e00000, 0x0000000100000000)
  region size 1024K, 26 young (26624K), 3 survivors (3072K)
 Metaspace       used 35718K, committed 36096K, reserved 1081344K
  class space    used 4536K, committed 4736K, reserved 1048576K
}
Event: 2.796 GC heap after
{Heap after GC invocations=8 (full 0):
 garbage-first heap   total 76800K, used 19812K [0x0000000085e00000, 0x0000000100000000)
  region size 1024K, 4 young (4096K), 4 survivors (4096K)
 Metaspace       used 35718K, committed 36096K, reserved 1081344K
  class space    used 4536K, committed 4736K, reserved 1048576K
}
Event: 2755.971 GC heap before
{Heap before GC invocations=9 (full 0):
 garbage-first heap   total 75776K, used 52580K [0x0000000085e00000, 0x0000000100000000)
  region size 1024K, 36 young (36864K), 4 survivors (4096K)
 Metaspace       used 38218K, committed 38720K, reserved 1089536K
  class space    used 4838K, committed 5056K, reserved 1048576K
}
Event: 2755.978 GC heap after
{Heap after GC invocations=10 (full 0):
 garbage-first heap   total 75776K, used 20747K [0x0000000085e00000, 0x0000000100000000)
  region size 1024K, 2 young (2048K), 2 survivors (2048K)
 Metaspace       used 38218K, committed 38720K, reserved 1089536K
  class space    used 4838K, committed 5056K, reserved 1048576K
}
Event: 2889.103 GC heap before
{Heap before GC invocations=10 (full 0):
 garbage-first heap   total 75776K, used 21771K [0x0000000085e00000, 0x0000000100000000)
  region size 1024K, 3 young (3072K), 2 survivors (2048K)
 Metaspace       used 38218K, committed 38720K, reserved 1089536K
  class space    used 4838K, committed 5056K, reserved 1048576K
}
Event: 2889.106 GC heap after
{Heap after GC invocations=11 (full 0):
 garbage-first heap   total 75776K, used 20665K [0x0000000085e00000, 0x0000000100000000)
  region size 1024K, 1 young (1024K), 1 survivors (1024K)
 Metaspace       used 38218K, committed 38720K, reserved 1089536K
  class space    used 4838K, committed 5056K, reserved 1048576K
}

